Arguments: 
  /usr/bin/node /usr/bin/yarn install

PATH: 
  /home/dqhuy/go/bin:/usr/local/go/bin:/home/dqhuy/go/bin:/usr/local/go/bin:/home/dqhuy/.rvm/gems/ruby-2.5.3/bin:/home/dqhuy/.rvm/gems/ruby-2.5.3@global/bin:/home/dqhuy/.rvm/rubies/ruby-2.5.3/bin:/home/dqhuy/go/bin:/usr/local/go/bin:/usr/local/sbin:/usr/local/bin:/usr/sbin:/usr/bin:/sbin:/bin:/usr/games:/usr/local/games:/snap/bin:/home/dqhuy/.rvm/bin:/home/dqhuy/.rvm/rubies/ruby-2.5.3/bin:/home/dqhuy/.rvm/rubies/ruby-2.5.3/bin

Yarn version: 
  1.7.0

Node version: 
  8.15.1

Platform: 
  linux x64

Trace: 
  SyntaxError: /home/dqhuy/Projects/front-end-template-v2/package.json: Unexpected token } in JSON at position 281
      at JSON.parse (<anonymous>)
      at /usr/lib/node_modules/yarn/lib/cli.js:1130:59
      at Generator.next (<anonymous>)
      at step (/usr/lib/node_modules/yarn/lib/cli.js:98:30)
      at /usr/lib/node_modules/yarn/lib/cli.js:109:13
      at <anonymous>

npm manifest: 
  {
    "name": "front-end-template-v2",
    "version": "1.0.0",
    "description": "A front-end template and guideline",
    "scripts": {
      "test": "echo \"Error: no test specified\" && exit 1"
    },
    "author": "dqhuy78",
    "license": "ISC",
    "dependencies": {
      "jquery": "^3.3.1",
    },
    "devDependencies": {
      "yarn": "^1.13.0",
      "@babel/core": "^7.1.5",
      "@babel/preset-env": "^7.1.5",
      "gulp": "^3.9.1",
      "gulp-autoprefixer": "^6.0.0",
      "gulp-babel": "^8.0.0-beta.2",
      "gulp-concat": "^2.6.1",
      "gulp-html-replace": "^1.6.2",
      "gulp-imagemin": "^5.0.3",
      "gulp-minify": "^3.1.0",
      "gulp-rename": "^1.4.0",
      "gulp-sass": "^4.0.2"
    }
  }

yarn manifest: 
  No manifest

Lockfile: 
  No lockfile
